<?xml version="1.0" encoding="UTF-8"?>
<!-- Generated by org.testng.reporters.JUnitXMLReporter -->
<testsuite ignored="2" hostname="TRD-LAP-007" failures="0" tests="5" name="Car Loan" time="0.493" errors="0" timestamp="2024-07-05T17:27:41 IST">
  <testcase classname="Framework_TestNG.day3" name="MobileLogincarLoan" time="0.005"/>
  <testcase classname="Framework_TestNG.day3" name="MobilesignoutcarLoan" time="0.022"/>
  <testcase classname="Framework_TestNG.day3" name="MobilesignoutcarLoan" time="0.023"/>
  <testcase classname="Framework_TestNG.day3" name="MobilesignoutcarLoan" time="0.002"/>
  <testcase classname="Framework_TestNG.day3" name="WebloginCarLoan" time="0.006"/>
  <testcase classname="Framework_TestNG.day3" name="MobilesignimcarLoan" time="0.0">
    <ignored/>
  </testcase> <!-- MobilesignimcarLoan -->
  <testcase classname="Framework_TestNG.day3" name="APIcarLoan" time="0.0">
    <ignored/>
  </testcase> <!-- APIcarLoan -->
</testsuite> <!-- Car Loan -->
