<?xml version="1.0" encoding="UTF-8"?>
<testng-results ignored="0" total="2" passed="2" failed="0" skipped="0">
  <reporter-output>
  </reporter-output>
  <suite started-at="2024-07-08T15:26:54 IST" name="Loan Department" finished-at="2024-07-08T15:31:48 IST" duration-ms="293868">
    <groups>
      <group name="CheckUATLinks">
        <method signature="FooterLinksCheck.FooterLinks()[pri:0, instance:GetURL.FooterLinksCheck@20f5281c]" name="FooterLinks" class="GetURL.FooterLinksCheck"/>
        <method signature="GetPageLinks.HeaderLinks()[pri:0, instance:GetURL.GetPageLinks@3561c410]" name="HeaderLinks" class="GetURL.GetPageLinks"/>
      </group> <!-- CheckUATLinks -->
    </groups>
    <test started-at="2024-07-08T15:26:54 IST" name="Regression" finished-at="2024-07-08T15:31:48 IST" duration-ms="293868">
      <class name="GetURL.FooterLinksCheck">
        <test-method signature="FooterLinks()[pri:0, instance:GetURL.FooterLinksCheck@20f5281c]" started-at="2024-07-08T15:28:28 IST" name="FooterLinks" finished-at="2024-07-08T15:31:48 IST" duration-ms="200497" status="PASS">
          <reporter-output>
          </reporter-output>
        </test-method> <!-- FooterLinks -->
      </class> <!-- GetURL.FooterLinksCheck -->
      <class name="GetURL.GetPageLinks">
        <test-method signature="HeaderLinks()[pri:0, instance:GetURL.GetPageLinks@3561c410]" started-at="2024-07-08T15:26:55 IST" name="HeaderLinks" finished-at="2024-07-08T15:28:28 IST" duration-ms="93303" status="PASS">
          <reporter-output>
          </reporter-output>
        </test-method> <!-- HeaderLinks -->
      </class> <!-- GetURL.GetPageLinks -->
    </test> <!-- Regression -->
  </suite> <!-- Loan Department -->
</testng-results>
